build/intermediates/manifest_merge_blame_file/debug/manifest-merger-blame-debug-report.txt
1<?xml version="1.0" encoding="utf-8"?>
2<manifest xmlns:android="http://schemas.android.com/apk/res/android"
3    package="cn.nubia.gamelauncherx"
4    android:versionCode="1"
5    android:versionName="1.2.05_0311" >
6
7    <uses-sdk
8        android:minSdkVersion="24"
8-->src/main/AndroidManifest.xml
9        android:targetSdkVersion="29" />
9-->src/main/AndroidManifest.xml
10
11    <uses-permission android:name="cn.nubia.launcher.permission.WRITE_SETTINGS" />
11-->src/main/AndroidManifest.xml:5:5-82
11-->src/main/AndroidManifest.xml:5:22-80
12    <uses-permission android:name="cn.nubia.launcher.permission.READ_SETTINGS" />
12-->src/main/AndroidManifest.xml:6:5-81
12-->src/main/AndroidManifest.xml:6:22-79
13    <uses-permission android:name="android.permission.DELETE_PACKAGES" />
13-->src/main/AndroidManifest.xml:7:5-8:47
13-->src/main/AndroidManifest.xml:7:22-71
14    <uses-permission android:name="android.permission.MANAGE_PROFILE_AND_DEVICE_OWNERS" />
14-->src/main/AndroidManifest.xml:9:5-10:47
14-->src/main/AndroidManifest.xml:9:22-88
15    <uses-permission android:name="android.permission.INTERNET" />
15-->src/main/AndroidManifest.xml:11:5-66
15-->src/main/AndroidManifest.xml:11:22-64
16    <uses-permission android:name="android.permission.WRITE_SECURE_SETTINGS" />
16-->src/main/AndroidManifest.xml:12:5-13:47
16-->src/main/AndroidManifest.xml:12:22-77
17    <uses-permission android:name="android.permission._SECURE_SETTINGS" />
17-->src/main/AndroidManifest.xml:14:5-74
17-->src/main/AndroidManifest.xml:14:22-72
18    <uses-permission android:name="android.permission.MODIFY_AUDIO_SETTINGS" />
18-->src/main/AndroidManifest.xml:15:5-79
18-->src/main/AndroidManifest.xml:15:22-77
19    <uses-permission android:name="cn.nubia.permission.PROCESS_MANAGER" />
19-->src/main/AndroidManifest.xml:16:5-74
19-->src/main/AndroidManifest.xml:16:22-72
20    <uses-permission android:name="android.permission.BLUETOOTH" />
20-->src/main/AndroidManifest.xml:17:5-67
20-->src/main/AndroidManifest.xml:17:22-65
21    <uses-permission android:name="android.permission.BLUETOOTH_ADMIN" />
21-->src/main/AndroidManifest.xml:18:5-73
21-->src/main/AndroidManifest.xml:18:22-71
22    <uses-permission android:name="android.permission.ACCESS_COARSE_LOCATION" />
22-->src/main/AndroidManifest.xml:19:5-80
22-->src/main/AndroidManifest.xml:19:22-78
23    <uses-permission android:name="android.permission.ACCESS_FINE_LOCATION" />
23-->src/main/AndroidManifest.xml:20:5-78
23-->src/main/AndroidManifest.xml:20:22-76
24    <uses-permission android:name="cn.nubia.neostore.downloadService" />
24-->src/main/AndroidManifest.xml:21:5-72
24-->src/main/AndroidManifest.xml:21:22-70
25    <uses-permission android:name="cn.nubia.permission.BIND_DATA_COLLECTION" />
25-->src/main/AndroidManifest.xml:22:5-79
25-->src/main/AndroidManifest.xml:22:22-77
26    <uses-permission android:name="cn.nubia.launcher.permission.READ_SETTINGS" />
26-->src/main/AndroidManifest.xml:6:5-81
26-->src/main/AndroidManifest.xml:6:22-79
27    <uses-permission android:name="cn.nubia.launcher.permission.WRITE_SETTINGS" />
27-->src/main/AndroidManifest.xml:5:5-82
27-->src/main/AndroidManifest.xml:5:22-80
28    <uses-permission android:name="com.android.launcher.permission.READ_SETTINGS" />
28-->src/main/AndroidManifest.xml:25:5-84
28-->src/main/AndroidManifest.xml:25:22-82
29    <uses-permission android:name="com.android.launcher2.permission.READ_SETTINGS" />
29-->src/main/AndroidManifest.xml:26:5-85
29-->src/main/AndroidManifest.xml:26:22-83
30    <uses-permission android:name="com.android.launcher3.permission.READ_SETTINGS" />
30-->src/main/AndroidManifest.xml:27:5-85
30-->src/main/AndroidManifest.xml:27:22-83
31    <uses-permission android:name="com.android.launcher.permission.INSTALL_SHORTCUT" />
31-->src/main/AndroidManifest.xml:28:5-87
31-->src/main/AndroidManifest.xml:28:22-85
32    <uses-permission android:name="com.android.launcher.permission.UNINSTALL_SHORTCUT" />
32-->src/main/AndroidManifest.xml:29:5-89
32-->src/main/AndroidManifest.xml:29:22-87
33    <uses-permission android:name="android.permission.SYSTEM_ALERT_WINDOW" />
33-->src/main/AndroidManifest.xml:30:5-77
33-->src/main/AndroidManifest.xml:30:22-75
34    <uses-permission android:name="android.permission.FOREGROUND_SERVICE" />
34-->src/main/AndroidManifest.xml:31:5-76
34-->src/main/AndroidManifest.xml:31:22-74
35    <uses-permission android:name="android.permission.INTERACT_ACROSS_USERS_FULL" />
35-->src/main/AndroidManifest.xml:32:5-33:47
35-->src/main/AndroidManifest.xml:32:22-82
36
37    <application
37-->src/main/AndroidManifest.xml:34:5-86:19
38        android:name="cn.nubia.gamelauncherx.GameLauncherApplication"
38-->src/main/AndroidManifest.xml:34:86-147
39        android:allowBackup="false"
39-->src/main/AndroidManifest.xml:34:148-175
40        android:appComponentFactory="androidx.core.app.CoreComponentFactory"
40-->[androidx.core:core:1.1.0] AndroidManifest.xml:24:18-86
41        android:debuggable="true"
42        android:defaultToDeviceProtectedStorage="true"
42-->src/main/AndroidManifest.xml:34:274-320
43        android:extractNativeLibs="false"
44        android:icon="@mipmap/ic_launcher"
44-->src/main/AndroidManifest.xml:34:51-85
45        android:label="@string/app_name"
45-->src/main/AndroidManifest.xml:34:18-50
46        android:resizeableActivity="false"
46-->src/main/AndroidManifest.xml:34:239-273
47        android:roundIcon="@mipmap/ic_launcher_round"
47-->src/main/AndroidManifest.xml:34:321-366
48        android:supportsRtl="true"
48-->src/main/AndroidManifest.xml:34:176-202
49        android:usesCleartextTraffic="true" >
49-->src/main/AndroidManifest.xml:34:203-238
50        <activity
50-->src/main/AndroidManifest.xml:35:9-42:20
51            android:name="cn.nubia.gamelauncherx.activity.GameSpaceActivity"
51-->src/main/AndroidManifest.xml:35:57-121
52            android:configChanges="mcc|mnc|keyboardHidden|orientation|screenSize"
52-->src/main/AndroidManifest.xml:35:226-295
53            android:excludeFromRecents="true"
53-->src/main/AndroidManifest.xml:35:122-155
54            android:launchMode="singleTask"
54-->src/main/AndroidManifest.xml:35:156-187
55            android:screenOrientation="landscape"
55-->src/main/AndroidManifest.xml:35:188-225
56            android:theme="@style/GameSpaceTheme" >
56-->src/main/AndroidManifest.xml:35:19-56
57            <intent-filter>
57-->src/main/AndroidManifest.xml:37:13-41:29
58                <action android:name="android.intent.action.MAIN" />
58-->src/main/AndroidManifest.xml:38:17-68
58-->src/main/AndroidManifest.xml:38:25-66
59
60                <category android:name="android.intent.category.LAUNCHER" />
60-->src/main/AndroidManifest.xml:39:17-76
60-->src/main/AndroidManifest.xml:39:27-74
61                <category android:name="android.intent.category.DEFAULT" />
61-->src/main/AndroidManifest.xml:40:17-75
61-->src/main/AndroidManifest.xml:40:27-73
62            </intent-filter>
63        </activity>
64        <activity
64-->src/main/AndroidManifest.xml:43:9-44:56
65            android:name="cn.nubia.gamelauncherx.activity.AppAddActivity"
65-->src/main/AndroidManifest.xml:43:57-118
66            android:configChanges="mcc|mnc|keyboardHidden|orientation|screenSize"
66-->src/main/AndroidManifest.xml:43:191-260
67            android:excludeFromRecents="true"
67-->src/main/AndroidManifest.xml:43:119-152
68            android:screenOrientation="landscape"
68-->src/main/AndroidManifest.xml:43:153-190
69            android:theme="@style/GameSpaceTheme" />
69-->src/main/AndroidManifest.xml:43:19-56
70        <activity
70-->src/main/AndroidManifest.xml:45:9-46:56
71            android:name="cn.nubia.gamelauncherx.activity.UninstallActivity"
71-->src/main/AndroidManifest.xml:45:57-121
72            android:configChanges="mcc|mnc|keyboardHidden|orientation|screenSize"
72-->src/main/AndroidManifest.xml:45:194-263
73            android:excludeFromRecents="true"
73-->src/main/AndroidManifest.xml:45:122-155
74            android:screenOrientation="landscape"
74-->src/main/AndroidManifest.xml:45:156-193
75            android:theme="@style/GameSpaceTheme" />
75-->src/main/AndroidManifest.xml:45:19-56
76        <activity
76-->src/main/AndroidManifest.xml:47:9-48:56
77            android:name="cn.nubia.gamelauncherx.activity.CustomAstophereMapActivity"
77-->src/main/AndroidManifest.xml:47:57-130
78            android:configChanges="mcc|mnc|keyboardHidden|orientation|screenSize"
78-->src/main/AndroidManifest.xml:47:239-308
79            android:excludeFromRecents="true"
79-->src/main/AndroidManifest.xml:47:131-164
80            android:launchMode="singleInstance"
80-->src/main/AndroidManifest.xml:47:165-200
81            android:screenOrientation="landscape"
81-->src/main/AndroidManifest.xml:47:201-238
82            android:theme="@style/GameSpaceTheme" />
82-->src/main/AndroidManifest.xml:47:19-56
83        <activity
83-->src/main/AndroidManifest.xml:49:9-50:56
84            android:name="cn.nubia.gamelauncherx.activity.GameSpaceKeyHelperActivity"
84-->src/main/AndroidManifest.xml:49:57-130
85            android:configChanges="mcc|mnc|keyboardHidden|orientation|screenSize"
85-->src/main/AndroidManifest.xml:49:239-308
86            android:excludeFromRecents="true"
86-->src/main/AndroidManifest.xml:49:131-164
87            android:launchMode="singleInstance"
87-->src/main/AndroidManifest.xml:49:165-200
88            android:screenOrientation="landscape"
88-->src/main/AndroidManifest.xml:49:201-238
89            android:theme="@style/GameSpaceTheme" />
89-->src/main/AndroidManifest.xml:49:19-56
90        <activity
90-->src/main/AndroidManifest.xml:51:9-52:56
91            android:name="cn.nubia.gamelauncherx.activity.RedMagicDoubleHandleActivity"
91-->src/main/AndroidManifest.xml:51:57-132
92            android:configChanges="mcc|mnc|keyboard|keyboardHidden|navigation|orientation|screenSize"
92-->src/main/AndroidManifest.xml:51:171-260
93            android:screenOrientation="landscape"
93-->src/main/AndroidManifest.xml:51:133-170
94            android:theme="@style/GameSpaceTheme" />
94-->src/main/AndroidManifest.xml:51:19-56
95        <activity
95-->src/main/AndroidManifest.xml:53:9-59:20
96            android:name="cn.nubia.gamelauncherx.activity.RedMagicHandleLeftRightCalibrationActivity"
96-->src/main/AndroidManifest.xml:53:57-146
97            android:configChanges="mcc|mnc|keyboard|keyboardHidden|navigation|orientation|screenSize"
97-->src/main/AndroidManifest.xml:53:209-298
98            android:exported="true"
98-->src/main/AndroidManifest.xml:53:147-170
99            android:screenOrientation="landscape"
99-->src/main/AndroidManifest.xml:53:171-208
100            android:theme="@style/GameSpaceTheme" >
100-->src/main/AndroidManifest.xml:53:19-56
101            <intent-filter>
101-->src/main/AndroidManifest.xml:55:13-58:29
102                <action android:name="cn.nubia.gamelauncher.redhandle" />
102-->src/main/AndroidManifest.xml:56:17-73
102-->src/main/AndroidManifest.xml:56:25-71
103
104                <category android:name="android.intent.category.DEFAULT" />
104-->src/main/AndroidManifest.xml:40:17-75
104-->src/main/AndroidManifest.xml:40:27-73
105            </intent-filter>
106        </activity>
107        <activity
107-->src/main/AndroidManifest.xml:60:9-61:56
108            android:name="cn.nubia.gamelauncherx.activity.RedMagicHandleHelperActivity"
108-->src/main/AndroidManifest.xml:60:57-132
109            android:configChanges="mcc|mnc|keyboardHidden|orientation|screenSize"
109-->src/main/AndroidManifest.xml:60:171-240
110            android:screenOrientation="landscape"
110-->src/main/AndroidManifest.xml:60:133-170
111            android:theme="@style/GameSpaceTheme" />
111-->src/main/AndroidManifest.xml:60:19-56
112
113        <provider
113-->src/main/AndroidManifest.xml:62:9-63:54
114            android:name="cn.nubia.gamelauncherx.db.AppAddProvider"
114-->src/main/AndroidManifest.xml:62:19-74
115            android:authorities="cn.nubia.gamelauncherx.db.AppAddProvider"
115-->src/main/AndroidManifest.xml:62:99-161
116            android:exported="true" />
116-->src/main/AndroidManifest.xml:62:75-98
117
118        <service
118-->src/main/AndroidManifest.xml:64:9-103
119            android:name="cn.nubia.gamelauncherx.service.TimerService"
119-->src/main/AndroidManifest.xml:64:18-76
120            android:exported="false" />
120-->src/main/AndroidManifest.xml:64:77-101
121
122        <meta-data
122-->src/main/AndroidManifest.xml:65:9-112
123            android:name="cn.nubia.gamelauncherx.recycler.GameGlideModule"
123-->src/main/AndroidManifest.xml:65:20-82
124            android:value="GlideModule" />
124-->src/main/AndroidManifest.xml:65:83-110
125
126        <service
126-->src/main/AndroidManifest.xml:66:9-67:46
127            android:name="cn.nubia.gamelauncherx.gamehandle.GameHandleService"
127-->src/main/AndroidManifest.xml:66:18-84
128            android:exported="true" />
128-->src/main/AndroidManifest.xml:66:85-108
129
130        <receiver
130-->src/main/AndroidManifest.xml:68:9-73:20
131            android:name="cn.nubia.gamelauncherx.gamehandle.BluetoothReceiver"
131-->src/main/AndroidManifest.xml:68:19-85
132            android:exported="true" >
132-->src/main/AndroidManifest.xml:68:86-109
133            <intent-filter>
133-->src/main/AndroidManifest.xml:70:13-72:29
134                <action android:name="cn.nubia.action.GAME_MODE" />
134-->src/main/AndroidManifest.xml:71:17-67
134-->src/main/AndroidManifest.xml:71:25-65
135            </intent-filter>
136        </receiver>
137        <receiver
137-->src/main/AndroidManifest.xml:74:9-79:20
138            android:name="cn.nubia.gamelauncherx.receiver.BuryReceiver"
138-->src/main/AndroidManifest.xml:74:19-78
139            android:exported="true" >
139-->src/main/AndroidManifest.xml:74:79-102
140            <intent-filter>
140-->src/main/AndroidManifest.xml:76:13-78:29
141                <action android:name="cn.nubia.owlsystem.firstbootdayaction" />
141-->src/main/AndroidManifest.xml:77:17-79
141-->src/main/AndroidManifest.xml:77:25-77
142            </intent-filter>
143        </receiver>
144
145        <service
145-->src/main/AndroidManifest.xml:80:9-85:19
146            android:name="cn.nubia.gamelauncherx.aimhelper.AimService"
146-->src/main/AndroidManifest.xml:80:18-76
147            android:enabled="true"
147-->src/main/AndroidManifest.xml:80:77-99
148            android:exported="true" >
148-->src/main/AndroidManifest.xml:80:100-123
149            <intent-filter>
149-->src/main/AndroidManifest.xml:82:13-84:29
150                <action android:name="cn.nubia.gamelauncher.action.START_HELPER" />
150-->src/main/AndroidManifest.xml:83:17-83
150-->src/main/AndroidManifest.xml:83:25-81
151            </intent-filter>
152        </service>
153    </application>
154
155</manifest>